 ⚠ Cross origin request detected from 127.0.0.1 to /_next/* resource. In a future major version of Next.js, you will need to explicitly configure "allowedDevOrigins" in next.config to allow this.
Read more: https://nextjs.org/docs/app/api-reference/config/next-config-js/allowedDevOrigins
 ⚠ Fast Refresh had to perform a full reload due to a runtime error.
<w> [webpack.cache.PackFileCacheStrategy] Caching failed for pack: Error: ENOENT: no such file or directory, rename 'C:\Users\Bruno\OneDrive\Área de Trabalho\Painel Conjuntura\Conjuntura 2.0 -BH\dashboard\.next\cache\webpack\client-development\7.pack.gz_' -> 'C:\Users\Bruno\OneDrive\Área de Trabalho\Painel Conjuntura\Conjuntura 2.0 -BH\dashboard\.next\cache\webpack\client-development\7.pack.gz'
 ⨯ Error: Cannot find module './241.js'
Require stack:
- C:\Users\Bruno\OneDrive\Área de Trabalho\Painel Conjuntura\Conjuntura 2.0 -BH\dashboard\.next\server\webpack-runtime.js
- C:\Users\Bruno\OneDrive\Área de Trabalho\Painel Conjuntura\Conjuntura 2.0 -BH\dashboard\.next\server\app\trabalho\page.js
- C:\Users\Bruno\OneDrive\Área de Trabalho\Painel Conjuntura\Conjuntura 2.0 -BH\dashboard\node_modules\next\dist\server\require.js
- C:\Users\Bruno\OneDrive\Área de Trabalho\Painel Conjuntura\Conjuntura 2.0 -BH\dashboard\node_modules\next\dist\server\load-components.js
- C:\Users\Bruno\OneDrive\Área de Trabalho\Painel Conjuntura\Conjuntura 2.0 -BH\dashboard\node_modules\next\dist\build\utils.js
- C:\Users\Bruno\OneDrive\Área de Trabalho\Painel Conjuntura\Conjuntura 2.0 -BH\dashboard\node_modules\next\dist\build\swc\options.js
- C:\Users\Bruno\OneDrive\Área de Trabalho\Painel Conjuntura\Conjuntura 2.0 -BH\dashboard\node_modules\next\dist\build\swc\index.js
- C:\Users\Bruno\OneDrive\Área de Trabalho\Painel Conjuntura\Conjuntura 2.0 -BH\dashboard\node_modules\next\dist\build\analysis\parse-module.js
- C:\Users\Bruno\OneDrive\Área de Trabalho\Painel Conjuntura\Conjuntura 2.0 -BH\dashboard\node_modules\next\dist\build\analysis\get-page-static-info.js
- C:\Users\Bruno\OneDrive\Área de Trabalho\Painel Conjuntura\Conjuntura 2.0 -BH\dashboard\node_modules\next\dist\server\lib\router-utils\setup-dev-bundler.js
- C:\Users\Bruno\OneDrive\Área de Trabalho\Painel Conjuntura\Conjuntura 2.0 -BH\dashboard\node_modules\next\dist\server\lib\router-server.js
- C:\Users\Bruno\OneDrive\Área de Trabalho\Painel Conjuntura\Conjuntura 2.0 -BH\dashboard\node_modules\next\dist\server\lib\start-server.js
    at <unknown> (C:\Users\Bruno\OneDrive\Área de Trabalho\Painel Conjuntura\Conjuntura 2.0 -BH\dashboard\.next\server\app\page.js:2:11301)
    at Object.<anonymous> (C:\Users\Bruno\OneDrive\Área de Trabalho\Painel Conjuntura\Conjuntura 2.0 -BH\dashboard\.next\server\app\page.js:2:11350) {
  code: 'MODULE_NOT_FOUND',
  requireStack: [Array],
  page: '/'
}
